kotlin version: 2.1.0
error message: org.jetbrains.kotlin.backend.common.BackendException: Backend Internal error: Exception during IR lowering
File being compiled: C:/Users/hRae/StudioProjects/Money-Manager/home/src/main/kotlin/com/olpl/home/ui/HomeScreenUiEventHandler.kt
The root cause java.lang.RuntimeException was thrown at: org.jetbrains.kotlin.backend.jvm.codegen.FunctionCodegen.generate(FunctionCodegen.kt:48)
	at org.jetbrains.kotlin.backend.common.CodegenUtil.reportBackendException(CodegenUtil.kt:253)
	at org.jetbrains.kotlin.backend.common.CodegenUtil.reportBackendException$default(CodegenUtil.kt:236)
	at org.jetbrains.kotlin.backend.common.phaser.PerformByIrFilePhase.invokeSequential(performByIrFile.kt:55)
	at org.jetbrains.kotlin.backend.common.phaser.PerformByIrFilePhase.invoke(performByIrFile.kt:42)
	at org.jetbrains.kotlin.backend.common.phaser.PerformByIrFilePhase.invoke(performByIrFile.kt:28)
	at org.jetbrains.kotlin.backend.common.phaser.NamedCompilerPhase.phaseBody(CompilerPhase.kt:166)
	at org.jetbrains.kotlin.backend.common.phaser.AbstractNamedCompilerPhase.invoke(CompilerPhase.kt:113)
	at org.jetbrains.kotlin.backend.common.phaser.CompositePhase.invoke(PhaseBuilders.kt:27)
	at org.jetbrains.kotlin.backend.common.phaser.CompositePhase.invoke(PhaseBuilders.kt:14)
	at org.jetbrains.kotlin.backend.common.phaser.NamedCompilerPhase.phaseBody(CompilerPhase.kt:166)
	at org.jetbrains.kotlin.backend.common.phaser.AbstractNamedCompilerPhase.invoke(CompilerPhase.kt:113)
	at org.jetbrains.kotlin.backend.common.phaser.CompilerPhaseKt.invokeToplevel(CompilerPhase.kt:62)
	at org.jetbrains.kotlin.backend.jvm.JvmIrCodegenFactory.invokeCodegen(JvmIrCodegenFactory.kt:371)
	at org.jetbrains.kotlin.codegen.CodegenFactory.generateModule(CodegenFactory.kt:47)
	at org.jetbrains.kotlin.backend.jvm.JvmIrCodegenFactory.generateModuleInFrontendIRMode(JvmIrCodegenFactory.kt:433)
	at org.jetbrains.kotlin.cli.jvm.compiler.pipeline.JvmCompilerPipelineKt.generateCodeFromIr(jvmCompilerPipeline.kt:192)
	at org.jetbrains.kotlin.cli.jvm.compiler.pipeline.JvmCompilerPipelineKt.runBackend(jvmCompilerPipeline.kt:80)
	at org.jetbrains.kotlin.cli.jvm.compiler.pipeline.JvmCompilerPipelineLightTreeKt.compileModule(jvmCompilerPipelineLightTree.kt:264)
	at org.jetbrains.kotlin.cli.jvm.compiler.pipeline.JvmCompilerPipelineLightTreeKt.compileSingleModuleUsingFrontendIrAndLightTree(jvmCompilerPipelineLightTree.kt:231)
	at org.jetbrains.kotlin.cli.jvm.compiler.pipeline.JvmCompilerPipelineLightTreeKt.compileModulesUsingFrontendIrAndLightTree(jvmCompilerPipelineLightTree.kt:86)
	at org.jetbrains.kotlin.cli.jvm.K2JVMCompiler.doExecute(K2JVMCompiler.kt:146)
	at org.jetbrains.kotlin.cli.jvm.K2JVMCompiler.doExecute(K2JVMCompiler.kt:43)
	at org.jetbrains.kotlin.cli.common.CLICompiler.execImpl(CLICompiler.kt:102)
	at org.jetbrains.kotlin.cli.common.CLICompiler.exec(CLICompiler.kt:316)
	at org.jetbrains.kotlin.incremental.IncrementalJvmCompilerRunner.runCompiler(IncrementalJvmCompilerRunner.kt:464)
	at org.jetbrains.kotlin.incremental.IncrementalJvmCompilerRunner.runCompiler(IncrementalJvmCompilerRunner.kt:73)
	at org.jetbrains.kotlin.incremental.IncrementalCompilerRunner.doCompile(IncrementalCompilerRunner.kt:506)
	at org.jetbrains.kotlin.incremental.IncrementalCompilerRunner.compileImpl(IncrementalCompilerRunner.kt:423)
	at org.jetbrains.kotlin.incremental.IncrementalCompilerRunner.compileNonIncrementally(IncrementalCompilerRunner.kt:301)
	at org.jetbrains.kotlin.incremental.IncrementalCompilerRunner.compile(IncrementalCompilerRunner.kt:129)
	at org.jetbrains.kotlin.daemon.CompileServiceImplBase.execIncrementalCompiler(CompileServiceImpl.kt:674)
	at org.jetbrains.kotlin.daemon.CompileServiceImplBase.access$execIncrementalCompiler(CompileServiceImpl.kt:91)
	at org.jetbrains.kotlin.daemon.CompileServiceImpl.compile(CompileServiceImpl.kt:1659)
	at java.base/jdk.internal.reflect.DirectMethodHandleAccessor.invoke(Unknown Source)
	at java.base/java.lang.reflect.Method.invoke(Unknown Source)
	at java.rmi/sun.rmi.server.UnicastServerRef.dispatch(Unknown Source)
	at java.rmi/sun.rmi.transport.Transport$1.run(Unknown Source)
	at java.rmi/sun.rmi.transport.Transport$1.run(Unknown Source)
	at java.base/java.security.AccessController.doPrivileged(Unknown Source)
	at java.rmi/sun.rmi.transport.Transport.serviceCall(Unknown Source)
	at java.rmi/sun.rmi.transport.tcp.TCPTransport.handleMessages(Unknown Source)
	at java.rmi/sun.rmi.transport.tcp.TCPTransport$ConnectionHandler.run0(Unknown Source)
	at java.rmi/sun.rmi.transport.tcp.TCPTransport$ConnectionHandler.lambda$run$0(Unknown Source)
	at java.base/java.security.AccessController.doPrivileged(Unknown Source)
	at java.rmi/sun.rmi.transport.tcp.TCPTransport$ConnectionHandler.run(Unknown Source)
	at java.base/java.util.concurrent.ThreadPoolExecutor.runWorker(Unknown Source)
	at java.base/java.util.concurrent.ThreadPoolExecutor$Worker.run(Unknown Source)
	at java.base/java.lang.Thread.run(Unknown Source)
Caused by: java.lang.RuntimeException: Exception while generating code for:
FUN name:HomeScreenUiEventHandler visibility:internal modality:FINAL <> () returnType:kotlin.Unit
  annotations:
    Composable
  BLOCK_BODY
    VAR name:homeViewModel type:com.olpl.home.viewmodel.HomeViewModel [val]
      TYPE_OP type=com.olpl.home.viewmodel.HomeViewModel origin=IMPLICIT_CAST typeOperand=com.olpl.home.viewmodel.HomeViewModel
        CALL 'public final fun koinViewModel$default <T> (qualifier: org.koin.core.qualifier.Qualifier?, viewModelStoreOwner: androidx.lifecycle.ViewModelStoreOwner?, key: kotlin.String?, extras: androidx.lifecycle.viewmodel.CreationExtras?, scope: org.koin.core.scope.Scope?, parameters: kotlin.Function0<org.koin.core.parameter.ParametersHolder>?, $mask0: kotlin.Int, $handler: kotlin.Any?): T of org.koin.androidx.compose.ViewModelKt.koinViewModel$default [inline] declared in org.koin.androidx.compose.ViewModelKt' type=T of org.koin.androidx.compose.ViewModelKt.koinViewModel$default origin=DEFAULT_DISPATCH_CALL
          <T>: com.olpl.home.viewmodel.HomeViewModel
          qualifier: COMPOSITE type=org.koin.core.qualifier.Qualifier? origin=DEFAULT_VALUE
            CONST Null type=org.koin.core.qualifier.Qualifier? value=null
          viewModelStoreOwner: COMPOSITE type=androidx.lifecycle.ViewModelStoreOwner? origin=DEFAULT_VALUE
            CONST Null type=androidx.lifecycle.ViewModelStoreOwner? value=null
          key: COMPOSITE type=kotlin.String? origin=DEFAULT_VALUE
            CONST Null type=kotlin.String? value=null
          extras: COMPOSITE type=androidx.lifecycle.viewmodel.CreationExtras? origin=DEFAULT_VALUE
            CONST Null type=androidx.lifecycle.viewmodel.CreationExtras? value=null
          scope: COMPOSITE type=org.koin.core.scope.Scope? origin=DEFAULT_VALUE
            CONST Null type=org.koin.core.scope.Scope? value=null
          parameters: COMPOSITE type=kotlin.Function0<org.koin.core.parameter.ParametersHolder>? origin=DEFAULT_VALUE
            CONST Null type=kotlin.Function0<org.koin.core.parameter.ParametersHolder>? value=null
          $mask0: CONST Int type=kotlin.Int value=63
          $handler: CONST Null type=kotlin.Any? value=null
    VAR name:currentNavHostController type:androidx.navigation.NavHostController [val]
      CALL 'public final fun currentNotNull <T> (): T of com.olpl.core_presentation.providers.util.ProvidableExtKt.currentNotNull declared in com.olpl.core_presentation.providers.util.ProvidableExtKt' type=androidx.navigation.NavHostController origin=null
        <T>: androidx.navigation.NavHostController
        $receiver: CALL 'public final fun <get-LocalCurrentNavigator> (): androidx.compose.runtime.ProvidableCompositionLocal<androidx.navigation.NavHostController?> declared in com.olpl.core_presentation.providers.NavigationKt' type=androidx.compose.runtime.ProvidableCompositionLocal<androidx.navigation.NavHostController?> origin=GET_PROPERTY
    VAR name:navigator type:com.olpl.home.navigation.util.HomeNavigator [val]
      CONSTRUCTOR_CALL 'public constructor <init> (currentNavHostController: androidx.navigation.NavHostController) [primary] declared in com.olpl.home.navigation.util.HomeNavigator' type=com.olpl.home.navigation.util.HomeNavigator origin=null
        currentNavHostController: GET_VAR 'val currentNavHostController: androidx.navigation.NavHostController [val] declared in com.olpl.home.ui.HomeScreenUiEventHandlerKt.HomeScreenUiEventHandler' type=androidx.navigation.NavHostController origin=null
    VAR name:context type:android.content.Context [val]
      CALL 'public final fun <get-current> (): T of androidx.compose.runtime.CompositionLocal [inline] declared in androidx.compose.runtime.CompositionLocal' type=android.content.Context origin=GET_PROPERTY
        $this: TYPE_OP type=androidx.compose.runtime.CompositionLocal<T of androidx.compose.runtime.CompositionLocal> origin=IMPLICIT_CAST typeOperand=androidx.compose.runtime.CompositionLocal<T of androidx.compose.runtime.CompositionLocal>
          CALL 'public final fun <get-LocalContext> (): androidx.compose.runtime.ProvidableCompositionLocal<android.content.Context> declared in androidx.compose.ui.platform.AndroidCompositionLocals_androidKt' type=androidx.compose.runtime.ProvidableCompositionLocal<android.content.Context> origin=GET_PROPERTY
    CALL 'public final fun UiEventsHandler <E, UiE> (viewModel: com.olpl.core_presentation.viewmodel.ViewModelExp<E of com.olpl.core_presentation.components.UiEventsHandlerKt.UiEventsHandler, UiE of com.olpl.core_presentation.components.UiEventsHandlerKt.UiEventsHandler>, onNewEvent: kotlin.coroutines.SuspendFunction1<UiE of com.olpl.core_presentation.components.UiEventsHandlerKt.UiEventsHandler, kotlin.Unit>): kotlin.Unit declared in com.olpl.core_presentation.components.UiEventsHandlerKt' type=kotlin.Unit origin=null
      <E>: com.olpl.home.viewmodel.events.HomeEvents
      <UiE>: com.olpl.home.viewmodel.events.HomeUiEvents
      viewModel: GET_VAR 'val homeViewModel: com.olpl.home.viewmodel.HomeViewModel [val] declared in com.olpl.home.ui.HomeScreenUiEventHandlerKt.HomeScreenUiEventHandler' type=com.olpl.home.viewmodel.HomeViewModel origin=null
      onNewEvent: BLOCK type=com.olpl.home.ui.HomeScreenUiEventHandlerKt.HomeScreenUiEventHandler.<no name provided> origin=null
        CLASS SUSPEND_LAMBDA CLASS name:<no name provided> modality:FINAL visibility:public/*package*/ superTypes:[kotlin.coroutines.jvm.internal.SuspendLambda; kotlin.jvm.functions.Function2<com.olpl.home.viewmodel.events.HomeUiEvents, kotlin.coroutines.Continuation<kotlin.Unit>?, kotlin.Any?>]
          $this: VALUE_PARAMETER INSTANCE_RECEIVER name:<this> type:com.olpl.home.ui.HomeScreenUiEventHandlerKt.HomeScreenUiEventHandler.<no name provided>
          FIELD name:label type:kotlin.Int visibility:public/*package*/
          FIELD FIELD_FOR_CAPTURED_VALUE name:L$0 type:kotlin.Any? visibility:public/*package*/
          CONSTRUCTOR SUSPEND_LAMBDA visibility:public/*package*/ <> ($context:android.content.Context, $completion:kotlin.coroutines.Continuation<com.olpl.home.ui.HomeScreenUiEventHandlerKt.HomeScreenUiEventHandler.<no name provided>>?) returnType:com.olpl.home.ui.HomeScreenUiEventHandlerKt.HomeScreenUiEventHandler.<no name provided> [primary]
            VALUE_PARAMETER BOUND_VALUE_PARAMETER name:$context index:0 type:android.content.Context
            VALUE_PARAMETER name:$completion index:1 type:kotlin.coroutines.Continuation<com.olpl.home.ui.HomeScreenUiEventHandlerKt.HomeScreenUiEventHandler.<no name provided>>?
            BLOCK_BODY
              SET_FIELD 'FIELD FIELD_FOR_CAPTURED_VALUE name:$context type:android.content.Context visibility:public/*package*/ [final] declared in com.olpl.home.ui.HomeScreenUiEventHandlerKt.HomeScreenUiEventHandler.<no name provided>' type=kotlin.Unit origin=INITIALIZER_OF_FIELD_FOR_CAPTURED_VALUE
                receiver: GET_VAR '<this>: com.olpl.home.ui.HomeScreenUiEventHandlerKt.HomeScreenUiEventHandler.<no name provided> declared in com.olpl.home.ui.HomeScreenUiEventHandlerKt.HomeScreenUiEventHandler.<no name provided>' type=com.olpl.home.ui.HomeScreenUiEventHandlerKt.HomeScreenUiEventHandler.<no name provided> origin=null
                value: GET_VAR '$context: android.content.Context declared in com.olpl.home.ui.HomeScreenUiEventHandlerKt.HomeScreenUiEventHandler.<no name provided>.<init>' type=android.content.Context origin=null
              DELEGATING_CONSTRUCTOR_CALL 'public constructor <init> (arity: kotlin.Int, $completion: kotlin.coroutines.Continuation<kotlin.Any?>?) declared in kotlin.coroutines.jvm.internal.SuspendLambda'
                arity: CONST Int type=kotlin.Int value=2
                $completion: GET_VAR '$completion: kotlin.coroutines.Continuation<com.olpl.home.ui.HomeScreenUiEventHandlerKt.HomeScreenUiEventHandler.<no name provided>>? declared in com.olpl.home.ui.HomeScreenUiEventHandlerKt.HomeScreenUiEventHandler.<no name provided>.<init>' type=kotlin.coroutines.Continuation<com.olpl.home.ui.HomeScreenUiEventHandlerKt.HomeScreenUiEventHandler.<no name provided>>? origin=null
              BLOCK type=kotlin.Unit origin=null
          FUN name:invokeSuspend visibility:public modality:FINAL <> ($this:com.olpl.home.ui.HomeScreenUiEventHandlerKt.HomeScreenUiEventHandler.<no name provided>, $result:kotlin.Result<kotlin.Any?>) returnType:kotlin.Any?
            overridden:
              protected abstract fun invokeSuspend ($result: kotlin.Result<kotlin.Any?>): kotlin.Any? declared in kotlin.coroutines.jvm.internal.SuspendLambda
            $this: VALUE_PARAMETER INSTANCE_RECEIVER name:<this> type:com.olpl.home.ui.HomeScreenUiEventHandlerKt.HomeScreenUiEventHandler.<no name provided>
            VALUE_PARAMETER name:$result index:0 type:kotlin.Result<kotlin.Any?>
            BLOCK_BODY
              VAR name:uiEvent type:com.olpl.home.viewmodel.events.HomeUiEvents [val]
                BLOCK type=com.olpl.home.viewmodel.events.HomeUiEvents origin=null
                  GET_FIELD 'FIELD FIELD_FOR_CAPTURED_VALUE name:L$0 type:kotlin.Any? visibility:public/*package*/ declared in com.olpl.home.ui.HomeScreenUiEventHandlerKt.HomeScreenUiEventHandler.<no name provided>' type=com.olpl.home.viewmodel.events.HomeUiEvents origin=null
                    receiver: GET_VAR '<this>: com.olpl.home.ui.HomeScreenUiEventHandlerKt.HomeScreenUiEventHandler.<no name provided> declared in com.olpl.home.ui.HomeScreenUiEventHandlerKt.HomeScreenUiEventHandler.<no name provided>.invokeSuspend' type=com.olpl.home.ui.HomeScreenUiEventHandlerKt.HomeScreenUiEventHandler.<no name provided> origin=null
              BLOCK type=kotlin.Unit origin=WHEN
                VAR IR_TEMPORARY_VARIABLE name:tmp0_subject type:com.olpl.home.viewmodel.events.HomeUiEvents [val]
                  GET_VAR 'val uiEvent: com.olpl.home.viewmodel.events.HomeUiEvents [val] declared in com.olpl.home.ui.HomeScreenUiEventHandlerKt.HomeScreenUiEventHandler.<no name provided>.invokeSuspend' type=com.olpl.home.viewmodel.events.HomeUiEvents origin=null
                WHEN type=kotlin.Unit origin=WHEN
                  BRANCH
                    if: CALL 'public final fun EQEQ (arg0: kotlin.Any?, arg1: kotlin.Any?): kotlin.Boolean declared in kotlin.internal.ir' type=kotlin.Boolean origin=EQEQ
                      arg0: GET_VAR 'val tmp0_subject: com.olpl.home.viewmodel.events.HomeUiEvents [val] declared in com.olpl.home.ui.HomeScreenUiEventHandlerKt.HomeScreenUiEventHandler.<no name provided>.invokeSuspend' type=com.olpl.home.viewmodel.events.HomeUiEvents origin=null
                      arg1: GET_FIELD 'FIELD FIELD_FOR_OBJECT_INSTANCE name:INSTANCE type:com.olpl.home.viewmodel.events.HomeUiEvents.CloseApp visibility:public [final,static] declared in com.olpl.home.viewmodel.events.HomeUiEvents.CloseApp' type=com.olpl.home.viewmodel.events.HomeUiEvents.CloseApp origin=null
                    then: CALL 'public open fun finish (): kotlin.Unit declared in android.app.Activity' type=kotlin.Unit origin=null
                      $this: BLOCK type=android.app.Activity origin=null
                        VAR IR_TEMPORARY_VARIABLE name:tmp0 type:kotlin.Any? [val]
                          GET_FIELD 'FIELD FIELD_FOR_CAPTURED_VALUE name:$context type:android.content.Context visibility:public/*package*/ [final] declared in com.olpl.home.ui.HomeScreenUiEventHandlerKt.HomeScreenUiEventHandler.<no name provided>' type=android.content.Context origin=null
                            receiver: GET_VAR '<this>: com.olpl.home.ui.HomeScreenUiEventHandlerKt.HomeScreenUiEventHandler.<no name provided> declared in com.olpl.home.ui.HomeScreenUiEventHandlerKt.HomeScreenUiEventHandler.<no name provided>.invokeSuspend' type=com.olpl.home.ui.HomeScreenUiEventHandlerKt.HomeScreenUiEventHandler.<no name provided> origin=null
                        CALL 'public final fun checkNotNull (object: kotlin.Any?, message: kotlin.String): kotlin.Unit declared in kotlin.jvm.internal.Intrinsics' type=kotlin.Unit origin=null
                          object: GET_VAR 'val tmp0: kotlin.Any? [val] declared in com.olpl.home.ui.HomeScreenUiEventHandlerKt.HomeScreenUiEventHandler.<no name provided>.invokeSuspend' type=kotlin.Any? origin=null
                          message: CONST String type=kotlin.String value="null cannot be cast to non-null type android.app.Activity"
                        TYPE_OP type=android.app.Activity? origin=CAST typeOperand=android.app.Activity?
                          GET_VAR 'val tmp0: kotlin.Any? [val] declared in com.olpl.home.ui.HomeScreenUiEventHandlerKt.HomeScreenUiEventHandler.<no name provided>.invokeSuspend' type=kotlin.Any? origin=null
                  BRANCH
                    if: CONST Boolean type=kotlin.Boolean value=true
                    then: BLOCK type=kotlin.Nothing origin=null
                      CALL 'public final fun noWhenBranchMatchedException (): kotlin.Nothing declared in kotlin.internal.ir' type=kotlin.Nothing origin=null
                      CALL 'public final fun throwKotlinNothingValueException (): kotlin.Nothing declared in kotlin.jvm.internal.Intrinsics' type=kotlin.Nothing origin=null
          FUN name:create visibility:public modality:FINAL <> ($this:com.olpl.home.ui.HomeScreenUiEventHandlerKt.HomeScreenUiEventHandler.<no name provided>, value:kotlin.Any?, $completion:kotlin.coroutines.Continuation<kotlin.Nothing>) returnType:kotlin.coroutines.Continuation<kotlin.Unit>
            overridden:
              public open fun create (value: kotlin.Any?, $completion: kotlin.coroutines.Continuation<kotlin.Nothing>): kotlin.coroutines.Continuation<kotlin.Unit> declared in kotlin.coroutines.jvm.internal.SuspendLambda
            $this: VALUE_PARAMETER INSTANCE_RECEIVER name:<this> type:com.olpl.home.ui.HomeScreenUiEventHandlerKt.HomeScreenUiEventHandler.<no name provided>
            VALUE_PARAMETER name:value index:0 type:kotlin.Any?
            VALUE_PARAMETER name:$completion index:1 type:kotlin.coroutines.Continuation<kotlin.Nothing>
            BLOCK_BODY
              VAR IR_TEMPORARY_VARIABLE name:tmp0_result type:com.olpl.home.ui.HomeScreenUiEventHandlerKt.HomeScreenUiEventHandler.<no name provided> [val]
                CONSTRUCTOR_CALL 'public/*package*/ constructor <init> ($context: android.content.Context, $completion: kotlin.coroutines.Continuation<com.olpl.home.ui.HomeScreenUiEventHandlerKt.HomeScreenUiEventHandler.<no name provided>>?) [primary] declared in com.olpl.home.ui.HomeScreenUiEventHandlerKt.HomeScreenUiEventHandler.<no name provided>' type=com.olpl.home.ui.HomeScreenUiEventHandlerKt.HomeScreenUiEventHandler.<no name provided> origin=null
                  $context: GET_FIELD 'FIELD FIELD_FOR_CAPTURED_VALUE name:$context type:android.content.Context visibility:public/*package*/ [final] declared in com.olpl.home.ui.HomeScreenUiEventHandlerKt.HomeScreenUiEventHandler.<no name provided>' type=android.content.Context origin=null
                    receiver: GET_VAR '<this>: com.olpl.home.ui.HomeScreenUiEventHandlerKt.HomeScreenUiEventHandler.<no name provided> declared in com.olpl.home.ui.HomeScreenUiEventHandlerKt.HomeScreenUiEventHandler.<no name provided>.create' type=com.olpl.home.ui.HomeScreenUiEventHandlerKt.HomeScreenUiEventHandler.<no name provided> origin=null
                  $completion: GET_VAR '$completion: kotlin.coroutines.Continuation<kotlin.Nothing> declared in com.olpl.home.ui.HomeScreenUiEventHandlerKt.HomeScreenUiEventHandler.<no name provided>.create' type=kotlin.coroutines.Continuation<kotlin.Nothing> origin=null
              SET_FIELD 'FIELD FIELD_FOR_CAPTURED_VALUE name:L$0 type:kotlin.Any? visibility:public/*package*/ declared in com.olpl.home.ui.HomeScreenUiEventHandlerKt.HomeScreenUiEventHandler.<no name provided>' type=kotlin.Unit origin=null
                receiver: GET_VAR 'val tmp0_result: com.olpl.home.ui.HomeScreenUiEventHandlerKt.HomeScreenUiEventHandler.<no name provided> [val] declared in com.olpl.home.ui.HomeScreenUiEventHandlerKt.HomeScreenUiEventHandler.<no name provided>.create' type=com.olpl.home.ui.HomeScreenUiEventHandlerKt.HomeScreenUiEventHandler.<no name provided> origin=null
                value: GET_VAR 'value: kotlin.Any? declared in com.olpl.home.ui.HomeScreenUiEventHandlerKt.HomeScreenUiEventHandler.<no name provided>.create' type=kotlin.Any? origin=null
              RETURN type=kotlin.Nothing from='public final fun create (value: kotlin.Any?, $completion: kotlin.coroutines.Continuation<kotlin.Nothing>): kotlin.coroutines.Continuation<kotlin.Unit> declared in com.olpl.home.ui.HomeScreenUiEventHandlerKt.HomeScreenUiEventHandler.<no name provided>'
                GET_VAR 'val tmp0_result: com.olpl.home.ui.HomeScreenUiEventHandlerKt.HomeScreenUiEventHandler.<no name provided> [val] declared in com.olpl.home.ui.HomeScreenUiEventHandlerKt.HomeScreenUiEventHandler.<no name provided>.create' type=com.olpl.home.ui.HomeScreenUiEventHandlerKt.HomeScreenUiEventHandler.<no name provided> origin=null
          FUN name:invoke visibility:public modality:FINAL <> ($this:com.olpl.home.ui.HomeScreenUiEventHandlerKt.HomeScreenUiEventHandler.<no name provided>, p1:com.olpl.home.viewmodel.events.HomeUiEvents, p2:kotlin.coroutines.Continuation<kotlin.Unit>?) returnType:kotlin.Any?
            overridden:
              public abstract fun invoke (p1: P1 of kotlin.jvm.functions.Function2, p2: P2 of kotlin.jvm.functions.Function2): R of kotlin.jvm.functions.Function2 declared in kotlin.jvm.functions.Function2
            $this: VALUE_PARAMETER INSTANCE_RECEIVER name:<this> type:com.olpl.home.ui.HomeScreenUiEventHandlerKt.HomeScreenUiEventHandler.<no name provided>
            VALUE_PARAMETER name:p1 index:0 type:com.olpl.home.viewmodel.events.HomeUiEvents
            VALUE_PARAMETER name:p2 index:1 type:kotlin.coroutines.Continuation<kotlin.Unit>?
            BLOCK_BODY
              RETURN type=kotlin.Nothing from='public final fun invoke (p1: com.olpl.home.viewmodel.events.HomeUiEvents, p2: kotlin.coroutines.Continuation<kotlin.Unit>?): kotlin.Any? declared in com.olpl.home.ui.HomeScreenUiEventHandlerKt.HomeScreenUiEventHandler.<no name provided>'
                CALL 'public final fun invokeSuspend ($result: kotlin.Result<kotlin.Any?>): kotlin.Any? declared in com.olpl.home.ui.HomeScreenUiEventHandlerKt.HomeScreenUiEventHandler.<no name provided>' type=kotlin.Any? origin=null
                  $this: TYPE_OP type=com.olpl.home.ui.HomeScreenUiEventHandlerKt.HomeScreenUiEventHandler.<no name provided> origin=IMPLICIT_CAST typeOperand=com.olpl.home.ui.HomeScreenUiEventHandlerKt.HomeScreenUiEventHandler.<no name provided>
                    CALL 'public final fun create (value: kotlin.Any?, $completion: kotlin.coroutines.Continuation<kotlin.Nothing>): kotlin.coroutines.Continuation<kotlin.Unit> declared in com.olpl.home.ui.HomeScreenUiEventHandlerKt.HomeScreenUiEventHandler.<no name provided>' type=kotlin.coroutines.Continuation<kotlin.Unit> origin=null
                      $this: GET_VAR '<this>: com.olpl.home.ui.HomeScreenUiEventHandlerKt.HomeScreenUiEventHandler.<no name provided> declared in com.olpl.home.ui.HomeScreenUiEventHandlerKt.HomeScreenUiEventHandler.<no name provided>.invoke' type=com.olpl.home.ui.HomeScreenUiEventHandlerKt.HomeScreenUiEventHandler.<no name provided> origin=null
                      value: GET_VAR 'p1: com.olpl.home.viewmodel.events.HomeUiEvents declared in com.olpl.home.ui.HomeScreenUiEventHandlerKt.HomeScreenUiEventHandler.<no name provided>.invoke' type=com.olpl.home.viewmodel.events.HomeUiEvents origin=null
                      $completion: GET_VAR 'p2: kotlin.coroutines.Continuation<kotlin.Unit>? declared in com.olpl.home.ui.HomeScreenUiEventHandlerKt.HomeScreenUiEventHandler.<no name provided>.invoke' type=kotlin.coroutines.Continuation<kotlin.Unit>? origin=null
                  $result: CALL 'public final fun <unsafe-coerce> <T, R> (v: T of kotlin.jvm.internal.<unsafe-coerce>): R of kotlin.jvm.internal.<unsafe-coerce> declared in kotlin.jvm.internal' type=kotlin.Result<kotlin.Any?> origin=null
                    <T>: kotlin.Any?
                    <R>: kotlin.Result<kotlin.Any?>
                    v: GET_FIELD 'FIELD FIELD_FOR_OBJECT_INSTANCE name:INSTANCE type:kotlin.Unit visibility:public [final,static] declared in kotlin.Unit' type=kotlin.Unit origin=null
          FIELD FIELD_FOR_CAPTURED_VALUE name:$context type:android.content.Context visibility:public/*package*/ [final]
          FUN BRIDGE name:invoke visibility:public modality:OPEN <> ($this:com.olpl.home.ui.HomeScreenUiEventHandlerKt.HomeScreenUiEventHandler.<no name provided>, p1:kotlin.Any?, p2:kotlin.Any?) returnType:kotlin.Any?
            $this: VALUE_PARAMETER INSTANCE_RECEIVER name:<this> type:com.olpl.home.ui.HomeScreenUiEventHandlerKt.HomeScreenUiEventHandler.<no name provided>
            VALUE_PARAMETER BRIDGE name:p1 index:0 type:kotlin.Any?
            VALUE_PARAMETER BRIDGE name:p2 index:1 type:kotlin.Any?
            EXPRESSION_BODY
              RETURN type=kotlin.Nothing from='public open fun invoke (p1: kotlin.Any?, p2: kotlin.Any?): kotlin.Any? declared in com.olpl.home.ui.HomeScreenUiEventHandlerKt.HomeScreenUiEventHandler.<no name provided>'
                CALL 'public final fun invoke (p1: com.olpl.home.viewmodel.events.HomeUiEvents, p2: kotlin.coroutines.Continuation<kotlin.Unit>?): kotlin.Any? declared in com.olpl.home.ui.HomeScreenUiEventHandlerKt.HomeScreenUiEventHandler.<no name provided>' type=kotlin.Any? origin=BRIDGE_DELEGATION
                  $this: GET_VAR '<this>: com.olpl.home.ui.HomeScreenUiEventHandlerKt.HomeScreenUiEventHandler.<no name provided> declared in com.olpl.home.ui.HomeScreenUiEventHandlerKt.HomeScreenUiEventHandler.<no name provided>.invoke' type=com.olpl.home.ui.HomeScreenUiEventHandlerKt.HomeScreenUiEventHandler.<no name provided> origin=null
                  p1: TYPE_OP type=com.olpl.home.viewmodel.events.HomeUiEvents origin=IMPLICIT_CAST typeOperand=com.olpl.home.viewmodel.events.HomeUiEvents
                    GET_VAR 'p1: kotlin.Any? declared in com.olpl.home.ui.HomeScreenUiEventHandlerKt.HomeScreenUiEventHandler.<no name provided>.invoke' type=kotlin.Any? origin=null
                  p2: TYPE_OP type=kotlin.coroutines.Continuation<*> origin=IMPLICIT_CAST typeOperand=kotlin.coroutines.Continuation<*>
                    GET_VAR 'p2: kotlin.Any? declared in com.olpl.home.ui.HomeScreenUiEventHandlerKt.HomeScreenUiEventHandler.<no name provided>.invoke' type=kotlin.Any? origin=null
        CONSTRUCTOR_CALL 'public/*package*/ constructor <init> ($context: android.content.Context, $completion: kotlin.coroutines.Continuation<com.olpl.home.ui.HomeScreenUiEventHandlerKt.HomeScreenUiEventHandler.<no name provided>>?) [primary] declared in com.olpl.home.ui.HomeScreenUiEventHandlerKt.HomeScreenUiEventHandler.<no name provided>' type=com.olpl.home.ui.HomeScreenUiEventHandlerKt.HomeScreenUiEventHandler.<no name provided> origin=null
          $context: GET_VAR 'val context: android.content.Context [val] declared in com.olpl.home.ui.HomeScreenUiEventHandlerKt.HomeScreenUiEventHandler' type=android.content.Context origin=null
          $completion: CONST Null type=kotlin.Nothing? value=null

	at org.jetbrains.kotlin.backend.jvm.codegen.FunctionCodegen.generate(FunctionCodegen.kt:48)
	at org.jetbrains.kotlin.backend.jvm.codegen.FunctionCodegen.generate$default(FunctionCodegen.kt:41)
	at org.jetbrains.kotlin.backend.jvm.codegen.ClassCodegen.generateMethodNode(ClassCodegen.kt:407)
	at org.jetbrains.kotlin.backend.jvm.codegen.ClassCodegen.generateMethod(ClassCodegen.kt:424)
	at org.jetbrains.kotlin.backend.jvm.codegen.ClassCodegen.generate(ClassCodegen.kt:169)
	at org.jetbrains.kotlin.backend.jvm.FileCodegen.lower(JvmPhases.kt:39)
	at org.jetbrains.kotlin.backend.common.phaser.PhaseFactoriesKt.createFilePhase$lambda$4(PhaseFactories.kt:71)
	at org.jetbrains.kotlin.backend.common.phaser.PhaseBuildersKt$createSimpleNamedCompilerPhase$1.phaseBody(PhaseBuilders.kt:69)
	at org.jetbrains.kotlin.backend.common.phaser.SimpleNamedCompilerPhase.phaseBody(CompilerPhase.kt:226)
	at org.jetbrains.kotlin.backend.common.phaser.AbstractNamedCompilerPhase.invoke(CompilerPhase.kt:113)
	at org.jetbrains.kotlin.backend.common.phaser.PerformByIrFilePhase.invokeSequential(performByIrFile.kt:52)
	... 45 more
Caused by: org.jetbrains.kotlin.codegen.CompilationException: Back-end (JVM) Internal error: Couldn't inline method call: CALL 'public final fun koinViewModel$default <T> (qualifier: org.koin.core.qualifier.Qualifier?, viewModelStoreOwner: androidx.lifecycle.ViewModelStoreOwner?, key: kotlin.String?, extras: androidx.lifecycle.viewmodel.CreationExtras?, scope: org.koin.core.scope.Scope?, parameters: kotlin.Function0<org.koin.core.parameter.ParametersHolder>?, $mask0: kotlin.Int, $handler: kotlin.Any?): T of org.koin.androidx.compose.ViewModelKt.koinViewModel$default [inline] declared in org.koin.androidx.compose.ViewModelKt' type=T of org.koin.androidx.compose.ViewModelKt.koinViewModel$default origin=DEFAULT_DISPATCH_CALL
Method: null
File is unknown
The root cause java.lang.IllegalStateException was thrown at: org.jetbrains.kotlin.codegen.inline.SourceCompilerForInlineKt.getMethodNode(SourceCompilerForInline.kt:118)
	at org.jetbrains.kotlin.codegen.inline.InlineCodegen.performInline(InlineCodegen.kt:65)
	at org.jetbrains.kotlin.backend.jvm.codegen.IrInlineCodegen.genInlineCall(IrInlineCodegen.kt:163)
	at org.jetbrains.kotlin.backend.jvm.codegen.IrInlineCallGenerator.genCall(IrInlineCallGenerator.kt:36)
	at org.jetbrains.kotlin.backend.jvm.codegen.ExpressionCodegen.visitCall(ExpressionCodegen.kt:598)
	at org.jetbrains.kotlin.backend.jvm.codegen.ExpressionCodegen.visitCall(ExpressionCodegen.kt:134)
	at org.jetbrains.kotlin.ir.expressions.IrCall.accept(IrCall.kt:24)
	at org.jetbrains.kotlin.backend.jvm.codegen.ExpressionCodegen.visitTypeOperator(ExpressionCodegen.kt:1076)
	at org.jetbrains.kotlin.backend.jvm.codegen.ExpressionCodegen.visitTypeOperator(ExpressionCodegen.kt:134)
	at org.jetbrains.kotlin.ir.expressions.IrTypeOperatorCall.accept(IrTypeOperatorCall.kt:26)
	at org.jetbrains.kotlin.backend.jvm.codegen.ExpressionCodegen.visitVariable(ExpressionCodegen.kt:735)
	at org.jetbrains.kotlin.backend.jvm.codegen.ExpressionCodegen.visitVariable(ExpressionCodegen.kt:134)
	at org.jetbrains.kotlin.ir.declarations.IrVariable.accept(IrVariable.kt:36)
	at org.jetbrains.kotlin.backend.jvm.codegen.ExpressionCodegen.visitStatementContainer(ExpressionCodegen.kt:524)
	at org.jetbrains.kotlin.backend.jvm.codegen.ExpressionCodegen.visitBlockBody(ExpressionCodegen.kt:529)
	at org.jetbrains.kotlin.backend.jvm.codegen.ExpressionCodegen.visitBlockBody(ExpressionCodegen.kt:134)
	at org.jetbrains.kotlin.ir.expressions.IrBlockBody.accept(IrBlockBody.kt:20)
	at org.jetbrains.kotlin.backend.jvm.codegen.ExpressionCodegen.generate(ExpressionCodegen.kt:236)
	at org.jetbrains.kotlin.backend.jvm.codegen.FunctionCodegen.doGenerate(FunctionCodegen.kt:124)
	at org.jetbrains.kotlin.backend.jvm.codegen.FunctionCodegen.generate(FunctionCodegen.kt:45)
	... 55 more
Caused by: java.lang.IllegalStateException: couldn't find inline method Lorg/koin/androidx/compose/ViewModelKt;.koinViewModel$default(Lorg/koin/core/qualifier/Qualifier;Landroidx/lifecycle/ViewModelStoreOwner;Ljava/lang/String;Landroidx/lifecycle/viewmodel/CreationExtras;Lorg/koin/core/scope/Scope;Lkotlin/jvm/functions/Function0;ILjava/lang/Object;)Landroidx/lifecycle/ViewModel;
	at org.jetbrains.kotlin.codegen.inline.SourceCompilerForInlineKt.getMethodNode(SourceCompilerForInline.kt:118)
	at org.jetbrains.kotlin.codegen.inline.SourceCompilerForInlineKt.loadCompiledInlineFunction(SourceCompilerForInline.kt:96)
	at org.jetbrains.kotlin.backend.jvm.codegen.IrSourceCompilerForInline.compileInlineFunction(IrSourceCompilerForInline.kt:91)
	at org.jetbrains.kotlin.codegen.inline.InlineCodegen.compileInline(InlineCodegen.kt:43)
	at org.jetbrains.kotlin.codegen.inline.InlineCodegen.performInline(InlineCodegen.kt:51)
	... 73 more


